ru/Forecast/app/build/outputs/logs/manifest-merger-debug-report.txt
-- Merging decision tree log ---
manifest
ADDED from src/main/AndroidManifest.xml:2:1-71:12
	package
		ADDED from src/main/AndroidManifest.xml:2:11-41
		INJECTED from src/main/AndroidManifest.xml
		INJECTED from src/main/AndroidManifest.xml
	android:versionName
		INJECTED from src/main/AndroidManifest.xml
		INJECTED from src/main/AndroidManifest.xml
	xmlns:android
		ADDED from src/main/AndroidManifest.xml:3:11-69
	android:versionCode
		INJECTED from src/main/AndroidManifest.xml
		INJECTED from src/main/AndroidManifest.xml
uses-permission#android.permission.INTERNET
ADDED from src/main/AndroidManifest.xml:5:5-66
MERGED from [com.crashlytics.sdk.android:crashlytics:2.5.5] AndroidManifest.xml:9:5-67
MERGED from [com.crashlytics.sdk.android:answers:1.3.6] AndroidManifest.xml:9:5-67
MERGED from [io.fabric.sdk.android:fabric:1.3.10] AndroidManifest.xml:25:5-67
MERGED from [com.crashlytics.sdk.android:crashlytics-core:2.3.8] AndroidManifest.xml:9:5-67
MERGED from [com.crashlytics.sdk.android:answers:1.3.6] AndroidManifest.xml:9:5-67
MERGED from [io.fabric.sdk.android:fabric:1.3.10] AndroidManifest.xml:25:5-67
MERGED from [io.fabric.sdk.android:fabric:1.3.10] AndroidManifest.xml:25:5-67
MERGED from [io.fabric.sdk.android:fabric:1.3.10] AndroidManifest.xml:25:5-67
MERGED from [com.crashlytics.sdk.android:beta:1.1.4] AndroidManifest.xml:9:5-67
MERGED from [com.google.android.gms:play-services-maps:8.4.0] AndroidManifest.xml:21:5-66
MERGED from [com.google.android.gms:play-services-maps:8.4.0] AndroidManifest.xml:21:5-66
	android:name
		ADDED from src/main/AndroidManifest.xml:5:22-64
uses-permission#android.permission.ACCESS_NETWORK_STATE
ADDED from src/main/AndroidManifest.xml:6:5-78
MERGED from [com.google.android.gms:play-services-maps:8.4.0] AndroidManifest.xml:20:5-78
MERGED from [com.google.android.gms:play-services-maps:8.4.0] AndroidManifest.xml:20:5-78
	android:name
		ADDED from src/main/AndroidManifest.xml:6:22-76
uses-permission#android.permission.ACCESS_COARSE_LOCATION
ADDED from src/main/AndroidManifest.xml:7:5-80
	android:name
		ADDED from src/main/AndroidManifest.xml:7:22-78
uses-permission#android.permission.ACCESS_FINE_LOCATION
ADDED from src/main/AndroidManifest.xml:8:5-78
	android:name
		ADDED from src/main/AndroidManifest.xml:8:22-76
uses-permission#com.google.android.providers.gsf.permission.READ_GSERVICES
ADDED from src/main/AndroidManifest.xml:9:5-98
	android:name
		ADDED from src/main/AndroidManifest.xml:9:22-95
uses-feature#0x00020000
ADDED from src/main/AndroidManifest.xml:11:5-14:20
MERGED from [com.google.android.gms:play-services-maps:8.4.0] AndroidManifest.xml:22:5-24:33
MERGED from [com.google.android.gms:play-services-maps:8.4.0] AndroidManifest.xml:22:5-24:33
	android:glEsVersion
		ADDED from src/main/AndroidManifest.xml:12:9-41
	android:required
		ADDED from src/main/AndroidManifest.xml:13:9-32
application
ADDED from src/main/AndroidManifest.xml:16:5-69:19
MERGED from [com.crashlytics.sdk.android:crashlytics:2.5.5] AndroidManifest.xml:11:5-20
MERGED from [com.crashlytics.sdk.android:answers:1.3.6] AndroidManifest.xml:11:5-20
MERGED from [io.fabric.sdk.android:fabric:1.3.10] AndroidManifest.xml:27:5-20
MERGED from [com.crashlytics.sdk.android:crashlytics-core:2.3.8] AndroidManifest.xml:11:5-20
MERGED from [com.crashlytics.sdk.android:answers:1.3.6] AndroidManifest.xml:11:5-20
MERGED from [io.fabric.sdk.android:fabric:1.3.10] AndroidManifest.xml:27:5-20
MERGED from [io.fabric.sdk.android:fabric:1.3.10] AndroidManifest.xml:27:5-20
MERGED from [io.fabric.sdk.android:fabric:1.3.10] AndroidManifest.xml:27:5-20
MERGED from [com.crashlytics.sdk.android:beta:1.1.4] AndroidManifest.xml:11:5-20
MERGED from [com.android.support:appcompat-v7:23.3.0] AndroidManifest.xml:25:5-20
MERGED from [com.android.support:support-vector-drawable:23.3.0] AndroidManifest.xml:7:5-20
MERGED from [com.android.support:support-v4:23.3.0] AndroidManifest.xml:22:5-20
MERGED from [com.android.support:animated-vector-drawable:23.3.0] AndroidManifest.xml:7:5-20
MERGED from [com.android.support:support-vector-drawable:23.3.0] AndroidManifest.xml:7:5-20
MERGED from [com.android.support:support-v4:23.3.0] AndroidManifest.xml:22:5-20
MERGED from [com.android.support:support-v4:23.3.0] AndroidManifest.xml:22:5-20
MERGED from [com.android.support:support-v4:23.3.0] AndroidManifest.xml:22:5-20
MERGED from [com.android.support:appcompat-v7:23.3.0] AndroidManifest.xml:25:5-20
MERGED from [com.android.support:support-vector-drawable:23.3.0] AndroidManifest.xml:7:5-20
MERGED from [com.android.support:support-v4:23.3.0] AndroidManifest.xml:22:5-20
MERGED from [com.android.support:animated-vector-drawable:23.3.0] AndroidManifest.xml:7:5-20
MERGED from [com.android.support:support-vector-drawable:23.3.0] AndroidManifest.xml:7:5-20
MERGED from [com.android.support:support-v4:23.3.0] AndroidManifest.xml:22:5-20
MERGED from [com.android.support:support-v4:23.3.0] AndroidManifest.xml:22:5-20
MERGED from [com.android.support:appcompat-v7:23.3.0] AndroidManifest.xml:25:5-20
MERGED from [com.android.support:support-vector-drawable:23.3.0] AndroidManifest.xml:7:5-20
MERGED from [com.android.support:support-v4:23.3.0] AndroidManifest.xml:22:5-20
MERGED from [com.android.support:animated-vector-drawable:23.3.0] AndroidManifest.xml:7:5-20
MERGED from [com.android.support:support-vector-drawable:23.3.0] AndroidManifest.xml:7:5-20
MERGED from [com.android.support:support-v4:23.3.0] AndroidManifest.xml:22:5-20
MERGED from [com.android.support:support-v4:23.3.0] AndroidManifest.xml:22:5-20
MERGED from [com.android.support:appcompat-v7:23.3.0] AndroidManifest.xml:25:5-20
MERGED from [com.android.support:support-vector-drawable:23.3.0] AndroidManifest.xml:7:5-20
MERGED from [com.android.support:support-v4:23.3.0] AndroidManifest.xml:22:5-20
MERGED from [com.android.support:animated-vector-drawable:23.3.0] AndroidManifest.xml:7:5-20
MERGED from [com.android.support:support-vector-drawable:23.3.0] AndroidManifest.xml:7:5-20
MERGED from [com.android.support:support-v4:23.3.0] AndroidManifest.xml:22:5-20
MERGED from [com.android.support:support-v4:23.3.0] AndroidManifest.xml:22:5-20
MERGED from [com.android.support:support-v4:23.3.0] AndroidManifest.xml:22:5-20
MERGED from [com.android.support:cardview-v7:23.3.0] AndroidManifest.xml:22:5-20
MERGED from [com.android.support:support-v4:23.3.0] AndroidManifest.xml:22:5-20
MERGED from [com.android.support:design:23.3.0] AndroidManifest.xml:22:5-20
MERGED from [com.android.support:appcompat-v7:23.3.0] AndroidManifest.xml:25:5-20
MERGED from [com.android.support:support-vector-drawable:23.3.0] AndroidManifest.xml:7:5-20
MERGED from [com.android.support:support-v4:23.3.0] AndroidManifest.xml:22:5-20
MERGED from [com.android.support:animated-vector-drawable:23.3.0] AndroidManifest.xml:7:5-20
MERGED from [com.android.support:support-vector-drawable:23.3.0] AndroidManifest.xml:7:5-20
MERGED from [com.android.support:support-v4:23.3.0] AndroidManifest.xml:22:5-20
MERGED from [com.android.support:support-v4:23.3.0] AndroidManifest.xml:22:5-20
MERGED from [com.android.support:support-v4:23.3.0] AndroidManifest.xml:22:5-20
MERGED from [com.android.support:support-v4:23.3.0] AndroidManifest.xml:22:5-20
MERGED from [com.android.support:gridlayout-v7:23.3.0] AndroidManifest.xml:22:5-20
MERGED from [com.android.support:support-v4:23.3.0] AndroidManifest.xml:22:5-20
MERGED from [com.android.support:preference-v14:23.3.0] AndroidManifest.xml:9:5-20
MERGED from [com.android.support:appcompat-v7:23.3.0] AndroidManifest.xml:25:5-20
MERGED from [com.android.support:support-vector-drawable:23.3.0] AndroidManifest.xml:7:5-20
MERGED from [com.android.support:support-v4:23.3.0] AndroidManifest.xml:22:5-20
MERGED from [com.android.support:animated-vector-drawable:23.3.0] AndroidManifest.xml:7:5-20
MERGED from [com.android.support:support-vector-drawable:23.3.0] AndroidManifest.xml:7:5-20
MERGED from [com.android.support:support-v4:23.3.0] AndroidManifest.xml:22:5-20
MERGED from [com.android.support:support-v4:23.3.0] AndroidManifest.xml:22:5-20
MERGED from [com.android.support:support-v4:23.3.0] AndroidManifest.xml:22:5-20
MERGED from [com.android.support:support-v4:23.3.0] AndroidManifest.xml:22:5-20
MERGED from [com.android.support:preference-v7:23.3.0] AndroidManifest.xml:9:5-20
MERGED from [com.android.support:appcompat-v7:23.3.0] AndroidManifest.xml:25:5-20
MERGED from [com.android.support:support-vector-drawable:23.3.0] AndroidManifest.xml:7:5-20
MERGED from [com.android.support:support-v4:23.3.0] AndroidManifest.xml:22:5-20
MERGED from [com.android.support:animated-vector-drawable:23.3.0] AndroidManifest.xml:7:5-20
MERGED from [com.android.support:support-vector-drawable:23.3.0] AndroidManifest.xml:7:5-20
MERGED from [com.android.support:support-v4:23.3.0] AndroidManifest.xml:22:5-20
MERGED from [com.android.support:support-v4:23.3.0] AndroidManifest.xml:22:5-20
MERGED from [com.android.support:support-v4:23.3.0] AndroidManifest.xml:22:5-20
MERGED from [com.android.support:support-v4:23.3.0] AndroidManifest.xml:22:5-20
MERGED from [com.google.android.gms:play-services-identity:8.4.0] AndroidManifest.xml:19:5-20
MERGED from [com.google.android.gms:play-services-basement:8.4.0] AndroidManifest.xml:20:5-24:19
MERGED from [com.android.support:support-v4:23.3.0] AndroidManifest.xml:22:5-20
MERGED from [com.google.android.gms:play-services-location:8.4.0] AndroidManifest.xml:19:5-20
MERGED from [com.google.android.gms:play-services-basement:8.4.0] AndroidManifest.xml:20:5-24:19
MERGED from [com.android.support:support-v4:23.3.0] AndroidManifest.xml:22:5-20
MERGED from [com.google.android.gms:play-services-maps:8.4.0] AndroidManifest.xml:27:5-20
MERGED from [com.google.android.gms:play-services-basement:8.4.0] AndroidManifest.xml:20:5-24:19
MERGED from [com.android.support:support-v4:23.3.0] AndroidManifest.xml:22:5-20
MERGED from [com.google.android.gms:play-services-maps:8.4.0] AndroidManifest.xml:27:5-20
MERGED from [com.google.android.gms:play-services-basement:8.4.0] AndroidManifest.xml:20:5-24:19
MERGED from [com.android.support:support-v4:23.3.0] AndroidManifest.xml:22:5-20
MERGED from [com.mikepenz:google-material-typeface:2.1.0.1.original] AndroidManifest.xml:27:5-20
MERGED from [com.mikepenz:material-design-iconic-typeface:2.2.0.1] AndroidManifest.xml:27:5-20
MERGED from [com.mikepenz:octicons-typeface:3.2.0.1] AndroidManifest.xml:27:5-20
MERGED from [com.mikepenz:meteocons-typeface:1.1.0.1] AndroidManifest.xml:27:5-20
MERGED from [com.mikepenz:community-material-typeface:1.3.41.1] AndroidManifest.xml:28:5-20
MERGED from [com.mikepenz:weather-icons-typeface:2.0.10.1] AndroidManifest.xml:27:5-20
MERGED from [com.mikepenz:typeicons-typeface:2.0.7.1] AndroidManifest.xml:27:5-20
MERGED from [com.mikepenz:entypo-typeface:1.0.0.1] AndroidManifest.xml:27:5-20
MERGED from [com.mikepenz:devicon-typeface:2.0.0.1] AndroidManifest.xml:27:5-20
MERGED from [com.mikepenz:foundation-icons-typeface:3.0.0.1] AndroidManifest.xml:27:5-20
MERGED from [com.mikepenz:ionicons-typeface:2.0.1.1] AndroidManifest.xml:27:5-20
MERGED from [com.romainpiel.shimmer:library:1.4.0] AndroidManifest.xml:11:5-20
MERGED from [net.frakbot:jumpingbeans:1.3.0] AndroidManifest.xml:11:5-20
MERGED from [com.android.support:appcompat-v7:23.3.0] AndroidManifest.xml:25:5-20
MERGED from [com.android.support:support-vector-drawable:23.3.0] AndroidManifest.xml:7:5-20
MERGED from [com.android.support:support-v4:23.3.0] AndroidManifest.xml:22:5-20
MERGED from [com.android.support:animated-vector-drawable:23.3.0] AndroidManifest.xml:7:5-20
MERGED from [com.android.support:support-vector-drawable:23.3.0] AndroidManifest.xml:7:5-20
MERGED from [com.android.support:support-v4:23.3.0] AndroidManifest.xml:22:5-20
MERGED from [com.android.support:support-v4:23.3.0] AndroidManifest.xml:22:5-20
MERGED from [com.android.support:support-v4:23.3.0] AndroidManifest.xml:22:5-20
MERGED from [com.github.gabrielemariotti.recyclerview:recyclerview-animators:0.3.0-SNAPSHOT] AndroidManifest.xml:9:5-10:19
	android:label
		ADDED from src/main/AndroidManifest.xml:20:9-41
	android:supportsRtl
		ADDED from src/main/AndroidManifest.xml:21:9-35
	android:allowBackup
		ADDED from src/main/AndroidManifest.xml:18:9-35
	android:icon
		ADDED from src/main/AndroidManifest.xml:19:9-43
	android:theme
		ADDED from src/main/AndroidManifest.xml:22:9-40
	android:name
		ADDED from src/main/AndroidManifest.xml:17:9-38
activity#com.khasang.forecast.activities.SplashScreenActivity
ADDED from src/main/AndroidManifest.xml:23:9-33:20
	android:screenOrientation
		ADDED from src/main/AndroidManifest.xml:26:13-49
	android:noHistory
		ADDED from src/main/AndroidManifest.xml:25:13-37
	android:theme
		ADDED from src/main/AndroidManifest.xml:27:13-51
	android:name
		ADDED from src/main/AndroidManifest.xml:24:13-60
intent-filter#android.intent.action.MAIN+android.intent.category.LAUNCHER
ADDED from src/main/AndroidManifest.xml:28:13-32:29
action#android.intent.action.MAIN
ADDED from src/main/AndroidManifest.xml:29:17-68
	android:name
		ADDED from src/main/AndroidManifest.xml:29:25-66
category#android.intent.category.LAUNCHER
ADDED from src/main/AndroidManifest.xml:31:17-76
	android:name
		ADDED from src/main/AndroidManifest.xml:31:27-74
activity#com.khasang.forecast.activities.WeatherActivity
ADDED from src/main/AndroidManifest.xml:34:9-38:20
	android:screenOrientation
		ADDED from src/main/AndroidManifest.xml:36:13-49
	android:theme
		ADDED from src/main/AndroidManifest.xml:37:13-49
	android:name
		ADDED from src/main/AndroidManifest.xml:35:13-55
activity#com.khasang.forecast.activities.CityPickerActivity
ADDED from src/main/AndroidManifest.xml:39:9-48:20
	android:screenOrientation
		ADDED from src/main/AndroidManifest.xml:42:13-49
	android:parentActivityName
		ADDED from src/main/AndroidManifest.xml:41:13-69
	android:theme
		ADDED from src/main/AndroidManifest.xml:43:13-55
	android:name
		ADDED from src/main/AndroidManifest.xml:40:13-58
meta-data#android.support.PARENT_ACTIVITY
ADDED from src/main/AndroidManifest.xml:45:13-47:62
	android:value
		ADDED from src/main/AndroidManifest.xml:47:17-60
	android:name
		ADDED from src/main/AndroidManifest.xml:46:17-63
activity#com.khasang.forecast.activities.SettingsActivity
ADDED from src/main/AndroidManifest.xml:49:9-57:20
	android:label
		ADDED from src/main/AndroidManifest.xml:51:13-60
	android:parentActivityName
		ADDED from src/main/AndroidManifest.xml:52:13-69
	android:theme
		ADDED from src/main/AndroidManifest.xml:53:13-53
	android:name
		ADDED from src/main/AndroidManifest.xml:50:13-56
meta-data#io.fabric.ApiKey
ADDED from src/main/AndroidManifest.xml:58:9-60:72
	android:value
		ADDED from src/main/AndroidManifest.xml:60:13-69
	android:name
		ADDED from src/main/AndroidManifest.xml:59:13-44
meta-data#com.google.android.gms.version
ADDED from src/main/AndroidManifest.xml:62:9-64:69
MERGED from [com.google.android.gms:play-services-basement:8.4.0] AndroidManifest.xml:21:9-23:69
MERGED from [com.google.android.gms:play-services-basement:8.4.0] AndroidManifest.xml:21:9-23:69
MERGED from [com.google.android.gms:play-services-basement:8.4.0] AndroidManifest.xml:21:9-23:69
MERGED from [com.google.android.gms:play-services-basement:8.4.0] AndroidManifest.xml:21:9-23:69
	android:value
		ADDED from src/main/AndroidManifest.xml:64:13-66
	android:name
		ADDED from src/main/AndroidManifest.xml:63:13-58
meta-data#com.google.android.maps.v2.API_KEY
ADDED from src/main/AndroidManifest.xml:66:9-68:71
	android:value
		ADDED from src/main/AndroidManifest.xml:68:13-68
	android:name
		ADDED from src/main/AndroidManifest.xml:67:13-62
uses-sdk
INJECTED from src/main/AndroidManifest.xml reason: use-sdk injection requested
MERGED from [com.crashlytics.sdk.android:crashlytics:2.5.5] AndroidManifest.xml:7:5-43
MERGED from [com.crashlytics.sdk.android:answers:1.3.6] AndroidManifest.xml:7:5-43
MERGED from [io.fabric.sdk.android:fabric:1.3.10] AndroidManifest.xml:23:5-43
MERGED from [com.crashlytics.sdk.android:crashlytics-core:2.3.8] AndroidManifest.xml:7:5-43
MERGED from [com.crashlytics.sdk.android:answers:1.3.6] AndroidManifest.xml:7:5-43
MERGED from [io.fabric.sdk.android:fabric:1.3.10] AndroidManifest.xml:23:5-43
MERGED from [io.fabric.sdk.android:fabric:1.3.10] AndroidManifest.xml:23:5-43
MERGED from [io.fabric.sdk.android:fabric:1.3.10] AndroidManifest.xml:23:5-43
MERGED from [com.crashlytics.sdk.android:beta:1.1.4] AndroidManifest.xml:7:5-43
MERGED from [com.mikepenz:materialdrawer:4.6.4] AndroidManifest.xml:8:5-10:41
MERGED from [com.android.support:appcompat-v7:23.3.0] AndroidManifest.xml:21:5-23:78
MERGED from [com.android.support:support-vector-drawable:23.3.0] AndroidManifest.xml:5:5-43
MERGED from [com.android.support:support-v4:23.3.0] AndroidManifest.xml:20:5-43
MERGED from [com.android.support:animated-vector-drawable:23.3.0] AndroidManifest.xml:5:5-44
MERGED from [com.android.support:support-vector-drawable:23.3.0] AndroidManifest.xml:5:5-43
MERGED from [com.android.support:support-v4:23.3.0] AndroidManifest.xml:20:5-43
MERGED from [com.android.support:support-v4:23.3.0] AndroidManifest.xml:20:5-43
MERGED from [com.android.support:recyclerview-v7:23.3.0] AndroidManifest.xml:20:5-43
MERGED from [com.android.support:support-v4:23.3.0] AndroidManifest.xml:20:5-43
MERGED from [com.mikepenz:materialize:0.5.1] AndroidManifest.xml:8:5-10:41
MERGED from [com.android.support:appcompat-v7:23.3.0] AndroidManifest.xml:21:5-23:78
MERGED from [com.android.support:support-vector-drawable:23.3.0] AndroidManifest.xml:5:5-43
MERGED from [com.android.support:support-v4:23.3.0] AndroidManifest.xml:20:5-43
MERGED from [com.android.support:animated-vector-drawable:23.3.0] AndroidManifest.xml:5:5-44
MERGED from [com.android.support:support-vector-drawable:23.3.0] AndroidManifest.xml:5:5-43
MERGED from [com.android.support:support-v4:23.3.0] AndroidManifest.xml:20:5-43
MERGED from [com.android.support:support-v4:23.3.0] AndroidManifest.xml:20:5-43
MERGED from [com.mikepenz:iconics-core:2.5.4] AndroidManifest.xml:8:5-10:41
MERGED from [com.android.support:appcompat-v7:23.3.0] AndroidManifest.xml:21:5-23:78
MERGED from [com.android.support:support-vector-drawable:23.3.0] AndroidManifest.xml:5:5-43
MERGED from [com.android.support:support-v4:23.3.0] AndroidManifest.xml:20:5-43
MERGED from [com.android.support:animated-vector-drawable:23.3.0] AndroidManifest.xml:5:5-44
MERGED from [com.android.support:support-vector-drawable:23.3.0] AndroidManifest.xml:5:5-43
MERGED from [com.android.support:support-v4:23.3.0] AndroidManifest.xml:20:5-43
MERGED from [com.android.support:support-v4:23.3.0] AndroidManifest.xml:20:5-43
MERGED from [com.android.support:appcompat-v7:23.3.0] AndroidManifest.xml:21:5-23:78
MERGED from [com.android.support:support-vector-drawable:23.3.0] AndroidManifest.xml:5:5-43
MERGED from [com.android.support:support-v4:23.3.0] AndroidManifest.xml:20:5-43
MERGED from [com.android.support:animated-vector-drawable:23.3.0] AndroidManifest.xml:5:5-44
MERGED from [com.android.support:support-vector-drawable:23.3.0] AndroidManifest.xml:5:5-43
MERGED from [com.android.support:support-v4:23.3.0] AndroidManifest.xml:20:5-43
MERGED from [com.android.support:support-v4:23.3.0] AndroidManifest.xml:20:5-43
MERGED from [com.android.support:support-v4:23.3.0] AndroidManifest.xml:20:5-43
MERGED from [com.android.support:cardview-v7:23.3.0] AndroidManifest.xml:20:5-43
MERGED from [com.android.support:recyclerview-v7:23.3.0] AndroidManifest.xml:20:5-43
MERGED from [com.android.support:support-v4:23.3.0] AndroidManifest.xml:20:5-43
MERGED from [com.android.support:design:23.3.0] AndroidManifest.xml:20:5-43
MERGED from [com.android.support:appcompat-v7:23.3.0] AndroidManifest.xml:21:5-23:78
MERGED from [com.android.support:support-vector-drawable:23.3.0] AndroidManifest.xml:5:5-43
MERGED from [com.android.support:support-v4:23.3.0] AndroidManifest.xml:20:5-43
MERGED from [com.android.support:animated-vector-drawable:23.3.0] AndroidManifest.xml:5:5-44
MERGED from [com.android.support:support-vector-drawable:23.3.0] AndroidManifest.xml:5:5-43
MERGED from [com.android.support:support-v4:23.3.0] AndroidManifest.xml:20:5-43
MERGED from [com.android.support:support-v4:23.3.0] AndroidManifest.xml:20:5-43
MERGED from [com.android.support:support-v4:23.3.0] AndroidManifest.xml:20:5-43
MERGED from [com.android.support:recyclerview-v7:23.3.0] AndroidManifest.xml:20:5-43
MERGED from [com.android.support:support-v4:23.3.0] AndroidManifest.xml:20:5-43
MERGED from [com.android.support:gridlayout-v7:23.3.0] AndroidManifest.xml:20:5-43
MERGED from [com.android.support:support-v4:23.3.0] AndroidManifest.xml:20:5-43
MERGED from [com.android.support:preference-v14:23.3.0] AndroidManifest.xml:7:5-44
MERGED from [com.android.support:appcompat-v7:23.3.0] AndroidManifest.xml:21:5-23:78
MERGED from [com.android.support:support-vector-drawable:23.3.0] AndroidManifest.xml:5:5-43
MERGED from [com.android.support:support-v4:23.3.0] AndroidManifest.xml:20:5-43
MERGED from [com.android.support:animated-vector-drawable:23.3.0] AndroidManifest.xml:5:5-44
MERGED from [com.android.support:support-vector-drawable:23.3.0] AndroidManifest.xml:5:5-43
MERGED from [com.android.support:support-v4:23.3.0] AndroidManifest.xml:20:5-43
MERGED from [com.android.support:support-v4:23.3.0] AndroidManifest.xml:20:5-43
MERGED from [com.android.support:support-v4:23.3.0] AndroidManifest.xml:20:5-43
MERGED from [com.android.support:recyclerview-v7:23.3.0] AndroidManifest.xml:20:5-43
MERGED from [com.android.support:support-v4:23.3.0] AndroidManifest.xml:20:5-43
MERGED from [com.android.support:preference-v7:23.3.0] AndroidManifest.xml:7:5-43
MERGED from [com.android.support:appcompat-v7:23.3.0] AndroidManifest.xml:21:5-23:78
MERGED from [com.android.support:support-vector-drawable:23.3.0] AndroidManifest.xml:5:5-43
MERGED from [com.android.support:support-v4:23.3.0] AndroidManifest.xml:20:5-43
MERGED from [com.android.support:animated-vector-drawable:23.3.0] AndroidManifest.xml:5:5-44
MERGED from [com.android.support:support-vector-drawable:23.3.0] AndroidManifest.xml:5:5-43
MERGED from [com.android.support:support-v4:23.3.0] AndroidManifest.xml:20:5-43
MERGED from [com.android.support:support-v4:23.3.0] AndroidManifest.xml:20:5-43
MERGED from [com.android.support:support-v4:23.3.0] AndroidManifest.xml:20:5-43
MERGED from [com.android.support:recyclerview-v7:23.3.0] AndroidManifest.xml:20:5-43
MERGED from [com.android.support:support-v4:23.3.0] AndroidManifest.xml:20:5-43
MERGED from [com.google.android.gms:play-services-identity:8.4.0] AndroidManifest.xml:18:5-42
MERGED from [com.google.android.gms:play-services-base:8.4.0] AndroidManifest.xml:18:5-42
MERGED from [com.google.android.gms:play-services-basement:8.4.0] AndroidManifest.xml:18:5-42
MERGED from [com.android.support:support-v4:23.3.0] AndroidManifest.xml:20:5-43
MERGED from [com.google.android.gms:play-services-location:8.4.0] AndroidManifest.xml:18:5-42
MERGED from [com.google.android.gms:play-services-base:8.4.0] AndroidManifest.xml:18:5-42
MERGED from [com.google.android.gms:play-services-basement:8.4.0] AndroidManifest.xml:18:5-42
MERGED from [com.android.support:support-v4:23.3.0] AndroidManifest.xml:20:5-43
MERGED from [com.google.android.gms:play-services-maps:8.4.0] AndroidManifest.xml:26:5-42
MERGED from [com.google.android.gms:play-services-base:8.4.0] AndroidManifest.xml:18:5-42
MERGED from [com.google.android.gms:play-services-basement:8.4.0] AndroidManifest.xml:18:5-42
MERGED from [com.android.support:support-v4:23.3.0] AndroidManifest.xml:20:5-43
MERGED from [com.google.android.gms:play-services-maps:8.4.0] AndroidManifest.xml:26:5-42
MERGED from [com.google.android.gms:play-services-base:8.4.0] AndroidManifest.xml:18:5-42
MERGED from [com.google.android.gms:play-services-basement:8.4.0] AndroidManifest.xml:18:5-42
MERGED from [com.android.support:support-v4:23.3.0] AndroidManifest.xml:20:5-43
MERGED from [com.mikepenz:google-material-typeface:2.1.0.1.original] AndroidManifest.xml:23:5-25:41
MERGED from [com.mikepenz:material-design-iconic-typeface:2.2.0.1] AndroidManifest.xml:23:5-25:41
MERGED from [com.mikepenz:fontawesome-typeface:4.5.0.1] AndroidManifest.xml:8:5-10:41
MERGED from [com.mikepenz:octicons-typeface:3.2.0.1] AndroidManifest.xml:23:5-25:41
MERGED from [com.mikepenz:meteocons-typeface:1.1.0.1] AndroidManifest.xml:23:5-25:41
MERGED from [com.mikepenz:community-material-typeface:1.3.41.1] AndroidManifest.xml:24:5-26:41
MERGED from [com.mikepenz:weather-icons-typeface:2.0.10.1] AndroidManifest.xml:23:5-25:41
MERGED from [com.mikepenz:typeicons-typeface:2.0.7.1] AndroidManifest.xml:23:5-25:41
MERGED from [com.mikepenz:entypo-typeface:1.0.0.1] AndroidManifest.xml:23:5-25:41
MERGED from [com.mikepenz:devicon-typeface:2.0.0.1] AndroidManifest.xml:23:5-25:41
MERGED from [com.mikepenz:foundation-icons-typeface:3.0.0.1] AndroidManifest.xml:23:5-25:41
MERGED from [com.mikepenz:ionicons-typeface:2.0.1.1] AndroidManifest.xml:23:5-25:41
MERGED from [pl.droidsonroids.gif:android-gif-drawable:1.1.7] AndroidManifest.xml:6:5-8:41
MERGED from [com.romainpiel.shimmer:library:1.4.0] AndroidManifest.xml:7:5-9:41
MERGED from [net.frakbot:jumpingbeans:1.3.0] AndroidManifest.xml:7:5-9:41
MERGED from [jp.wasabeef:recyclerview-animators:2.1.0] AndroidManifest.xml:8:5-10:41
MERGED from [com.android.support:appcompat-v7:23.3.0] AndroidManifest.xml:21:5-23:78
MERGED from [com.android.support:support-vector-drawable:23.3.0] AndroidManifest.xml:5:5-43
MERGED from [com.android.support:support-v4:23.3.0] AndroidManifest.xml:20:5-43
MERGED from [com.android.support:animated-vector-drawable:23.3.0] AndroidManifest.xml:5:5-44
MERGED from [com.android.support:support-vector-drawable:23.3.0] AndroidManifest.xml:5:5-43
MERGED from [com.android.support:support-v4:23.3.0] AndroidManifest.xml:20:5-43
MERGED from [com.android.support:support-v4:23.3.0] AndroidManifest.xml:20:5-43
MERGED from [com.android.support:recyclerview-v7:23.3.0] AndroidManifest.xml:20:5-43
MERGED from [com.android.support:support-v4:23.3.0] AndroidManifest.xml:20:5-43
MERGED from [com.github.gabrielemariotti.recyclerview:recyclerview-animators:0.3.0-SNAPSHOT] AndroidManifest.xml:5:5-7:41
	tools:overrideLibrary
		ADDED from [com.android.support:appcompat-v7:23.3.0] AndroidManifest.xml:23:9-75
	android:targetSdkVersion
		INJECTED from src/main/AndroidManifest.xml
		INJECTED from src/main/AndroidManifest.xml
	android:minSdkVersion
		INJECTED from src/main/AndroidManifest.xml
		INJECTED from src/main/AndroidManifest.xml